<?xml version="1.0" encoding="UTF-8"?>
<!-- Generated by org.testng.reporters.JUnitXMLReporter -->
<testsuite ignored="0" hostname="IB-Pune-LAP-200" failures="0" tests="2" name="Error Validation Test" time="6.622" errors="0" timestamp="2022-10-10T13:06:16 IST">
  <testcase classname="testCases.ErrorValidationTest" name="loginErrorValidation" time="0.903"/>
  <testcase classname="testCases.ErrorValidationTest" name="productErrorValidation" time="2.853"/>
</testsuite> <!-- Error Validation Test -->
