<?xml version="1.0" encoding="UTF-8"?>
<testng-results ignored="0" total="5" passed="4" failed="1" skipped="0">
  <reporter-output>
  </reporter-output>
  <suite started-at="2022-10-10T13:05:43 IST" name="Suite" finished-at="2022-10-10T13:06:16 IST" duration-ms="33672">
    <groups>
      <group name="ErrorHandling">
        <method signature="ErrorValidationTest.loginErrorValidation()[pri:0, instance:testCases.ErrorValidationTest@2ddc9a9f]" name="loginErrorValidation" class="testCases.ErrorValidationTest"/>
        <method signature="ErrorValidationTest.productErrorValidation()[pri:0, instance:testCases.ErrorValidationTest@2ddc9a9f]" name="productErrorValidation" class="testCases.ErrorValidationTest"/>
      </group> <!-- ErrorHandling -->
      <group name="Purchase">
        <method signature="SubmitOrderTest.submitOrder(java.util.HashMap)[pri:0, instance:testCases.SubmitOrderTest@1de76cc7]" name="submitOrder" class="testCases.SubmitOrderTest"/>
      </group> <!-- Purchase -->
    </groups>
    <test started-at="2022-10-10T13:05:43 IST" name="Submit Order Test" finished-at="2022-10-10T13:06:10 IST" duration-ms="27007">
      <class name="testCases.SubmitOrderTest">
        <test-method is-config="true" signature="launchApplication()[pri:0, instance:testCases.SubmitOrderTest@1de76cc7]" started-at="2022-10-10T13:05:43 IST" name="launchApplication" finished-at="2022-10-10T13:05:57 IST" duration-ms="14497" status="PASS">
          <reporter-output>
          </reporter-output>
        </test-method> <!-- launchApplication -->
        <test-method signature="submitOrder(java.util.HashMap)[pri:0, instance:testCases.SubmitOrderTest@1de76cc7]" started-at="2022-10-10T13:05:57 IST" name="submitOrder" data-provider="loginData" finished-at="2022-10-10T13:06:01 IST" duration-ms="3692" status="PASS">
          <params>
            <param index="0">
              <value>
                <![CDATA[{password=Iamking@000, product=ZARA COAT 3, email=anshika@gmail.com}]]>
              </value>
            </param>
          </params>
          <reporter-output>
          </reporter-output>
        </test-method> <!-- submitOrder -->
        <test-method is-config="true" signature="tearDown()[pri:0, instance:testCases.SubmitOrderTest@1de76cc7]" started-at="2022-10-10T13:06:01 IST" name="tearDown" finished-at="2022-10-10T13:06:01 IST" duration-ms="76" status="PASS">
          <reporter-output>
          </reporter-output>
        </test-method> <!-- tearDown -->
        <test-method is-config="true" signature="launchApplication()[pri:0, instance:testCases.SubmitOrderTest@1de76cc7]" started-at="2022-10-10T13:06:01 IST" name="launchApplication" finished-at="2022-10-10T13:06:03 IST" duration-ms="1412" status="PASS">
          <reporter-output>
          </reporter-output>
        </test-method> <!-- launchApplication -->
        <test-method signature="submitOrder(java.util.HashMap)[pri:0, instance:testCases.SubmitOrderTest@1de76cc7]" started-at="2022-10-10T13:06:03 IST" name="submitOrder" data-provider="loginData" finished-at="2022-10-10T13:06:07 IST" duration-ms="3957" status="PASS">
          <params>
            <param index="0">
              <value>
                <![CDATA[{password=Iamking@000, product=ADIDAS ORIGINAL, email=shetty@gmail.com}]]>
              </value>
            </param>
          </params>
          <reporter-output>
          </reporter-output>
        </test-method> <!-- submitOrder -->
        <test-method is-config="true" signature="tearDown()[pri:0, instance:testCases.SubmitOrderTest@1de76cc7]" started-at="2022-10-10T13:06:07 IST" name="tearDown" finished-at="2022-10-10T13:06:07 IST" duration-ms="102" status="PASS">
          <reporter-output>
          </reporter-output>
        </test-method> <!-- tearDown -->
        <test-method is-config="true" signature="launchApplication()[pri:0, instance:testCases.SubmitOrderTest@1de76cc7]" started-at="2022-10-10T13:06:07 IST" name="launchApplication" finished-at="2022-10-10T13:06:09 IST" duration-ms="2498" status="PASS">
          <reporter-output>
          </reporter-output>
        </test-method> <!-- launchApplication -->
        <test-method signature="orderHistory()[pri:0, instance:testCases.SubmitOrderTest@1de76cc7]" started-at="2022-10-10T13:06:09 IST" name="orderHistory" finished-at="2022-10-10T13:06:10 IST" depends-on-methods="testCases.SubmitOrderTest.submitOrder" duration-ms="356" status="FAIL">
          <exception class="org.openqa.selenium.NoSuchElementException">
            <message>
              <![CDATA[no such element: Unable to locate element: {"method":"css selector","selector":"button[routerlink*='myorders']"}
  (Session info: chrome=106.0.5249.103)
For documentation on this error, please visit: https://selenium.dev/exceptions/#no_such_element
Build info: version: '4.4.0', revision: 'e5c75ed026a'
System info: host: 'IB-PUNE-LAP-200', ip: '192.168.3.36', os.name: 'Windows 10', os.arch: 'amd64', os.version: '10.0', java.version: '17.0.3'
Driver info: org.openqa.selenium.chrome.ChromeDriver
Command: [dd2438c9dd2e899a974e5f2a7c7e4c6b, findElement {using=css selector, value=button[routerlink*='myorders']}]
Capabilities {acceptInsecureCerts: false, browserName: chrome, browserVersion: 106.0.5249.103, chrome: {chromedriverVersion: 106.0.5249.61 (511755355844..., userDataDir: C:\Users\TANVEE~1\AppData\L...}, goog:chromeOptions: {debuggerAddress: localhost:57959}, networkConnectionEnabled: false, pageLoadStrategy: normal, platformName: WINDOWS, proxy: Proxy(), se:cdp: ws://localhost:57959/devtoo..., se:cdpVersion: 106.0.5249.103, setWindowRect: true, strictFileInteractability: false, timeouts: {implicit: 0, pageLoad: 300000, script: 30000}, unhandledPromptBehavior: dismiss and notify, webauthn:extension:credBlob: true, webauthn:extension:largeBlob: true, webauthn:virtualAuthenticators: true}
Session ID: dd2438c9dd2e899a974e5f2a7c7e4c6b]]>
            </message>
            <full-stacktrace>
              <![CDATA[org.openqa.selenium.NoSuchElementException: no such element: Unable to locate element: {"method":"css selector","selector":"button[routerlink*='myorders']"}
  (Session info: chrome=106.0.5249.103)
For documentation on this error, please visit: https://selenium.dev/exceptions/#no_such_element
Build info: version: '4.4.0', revision: 'e5c75ed026a'
System info: host: 'IB-PUNE-LAP-200', ip: '192.168.3.36', os.name: 'Windows 10', os.arch: 'amd64', os.version: '10.0', java.version: '17.0.3'
Driver info: org.openqa.selenium.chrome.ChromeDriver
Command: [dd2438c9dd2e899a974e5f2a7c7e4c6b, findElement {using=css selector, value=button[routerlink*='myorders']}]
Capabilities {acceptInsecureCerts: false, browserName: chrome, browserVersion: 106.0.5249.103, chrome: {chromedriverVersion: 106.0.5249.61 (511755355844..., userDataDir: C:\Users\TANVEE~1\AppData\L...}, goog:chromeOptions: {debuggerAddress: localhost:57959}, networkConnectionEnabled: false, pageLoadStrategy: normal, platformName: WINDOWS, proxy: Proxy(), se:cdp: ws://localhost:57959/devtoo..., se:cdpVersion: 106.0.5249.103, setWindowRect: true, strictFileInteractability: false, timeouts: {implicit: 0, pageLoad: 300000, script: 30000}, unhandledPromptBehavior: dismiss and notify, webauthn:extension:credBlob: true, webauthn:extension:largeBlob: true, webauthn:virtualAuthenticators: true}
Session ID: dd2438c9dd2e899a974e5f2a7c7e4c6b
at java.base/jdk.internal.reflect.NativeConstructorAccessorImpl.newInstance0(Native Method)
at java.base/jdk.internal.reflect.NativeConstructorAccessorImpl.newInstance(NativeConstructorAccessorImpl.java:77)
at java.base/jdk.internal.reflect.DelegatingConstructorAccessorImpl.newInstance(DelegatingConstructorAccessorImpl.java:45)
at java.base/java.lang.reflect.Constructor.newInstanceWithCaller(Constructor.java:499)
at java.base/java.lang.reflect.Constructor.newInstance(Constructor.java:480)
at org.openqa.selenium.remote.codec.w3c.W3CHttpResponseCodec.createException(W3CHttpResponseCodec.java:200)
at org.openqa.selenium.remote.codec.w3c.W3CHttpResponseCodec.decode(W3CHttpResponseCodec.java:133)
at org.openqa.selenium.remote.codec.w3c.W3CHttpResponseCodec.decode(W3CHttpResponseCodec.java:53)
at org.openqa.selenium.remote.HttpCommandExecutor.execute(HttpCommandExecutor.java:184)
at org.openqa.selenium.remote.service.DriverCommandExecutor.invokeExecute(DriverCommandExecutor.java:167)
at org.openqa.selenium.remote.service.DriverCommandExecutor.execute(DriverCommandExecutor.java:142)
at org.openqa.selenium.remote.RemoteWebDriver.execute(RemoteWebDriver.java:547)
at org.openqa.selenium.remote.ElementLocation$ElementFinder$2.findElement(ElementLocation.java:162)
at org.openqa.selenium.remote.ElementLocation.findElement(ElementLocation.java:60)
at org.openqa.selenium.remote.RemoteWebDriver.findElement(RemoteWebDriver.java:365)
at org.openqa.selenium.remote.RemoteWebDriver.findElement(RemoteWebDriver.java:357)
at org.openqa.selenium.support.pagefactory.DefaultElementLocator.findElement(DefaultElementLocator.java:70)
at org.openqa.selenium.support.pagefactory.internal.LocatingElementHandler.invoke(LocatingElementHandler.java:39)
at jdk.proxy2/jdk.proxy2.$Proxy18.click(Unknown Source)
at abstractComponent.AbstractComponentPage.goToOrderPage(AbstractComponentPage.java:56)
at testCases.SubmitOrderTest.orderHistory(SubmitOrderTest.java:87)
at java.base/jdk.internal.reflect.NativeMethodAccessorImpl.invoke0(Native Method)
at java.base/jdk.internal.reflect.NativeMethodAccessorImpl.invoke(NativeMethodAccessorImpl.java:77)
at java.base/jdk.internal.reflect.DelegatingMethodAccessorImpl.invoke(DelegatingMethodAccessorImpl.java:43)
at java.base/java.lang.reflect.Method.invoke(Method.java:568)
at org.testng.internal.MethodInvocationHelper.invokeMethod(MethodInvocationHelper.java:133)
at org.testng.internal.TestInvoker.invokeMethod(TestInvoker.java:598)
at org.testng.internal.TestInvoker.invokeTestMethod(TestInvoker.java:173)
at org.testng.internal.MethodRunner.runInSequence(MethodRunner.java:46)
at org.testng.internal.TestInvoker$MethodInvocationAgent.invoke(TestInvoker.java:824)
at org.testng.internal.TestInvoker.invokeTestMethods(TestInvoker.java:146)
at org.testng.internal.TestMethodWorker.invokeTestMethods(TestMethodWorker.java:146)
at org.testng.internal.TestMethodWorker.run(TestMethodWorker.java:128)
at java.base/java.util.ArrayList.forEach(ArrayList.java:1511)
at org.testng.TestRunner.privateRun(TestRunner.java:794)
at org.testng.TestRunner.run(TestRunner.java:596)
at org.testng.SuiteRunner.runTest(SuiteRunner.java:377)
at org.testng.SuiteRunner.runSequentially(SuiteRunner.java:371)
at org.testng.SuiteRunner.privateRun(SuiteRunner.java:332)
at org.testng.SuiteRunner.run(SuiteRunner.java:276)
at org.testng.SuiteRunnerWorker.runSuite(SuiteRunnerWorker.java:53)
at org.testng.SuiteRunnerWorker.run(SuiteRunnerWorker.java:96)
at org.testng.TestNG.runSuitesSequentially(TestNG.java:1212)
at org.testng.TestNG.runSuitesLocally(TestNG.java:1134)
at org.testng.TestNG.runSuites(TestNG.java:1063)
at org.testng.TestNG.run(TestNG.java:1031)
at org.testng.remote.AbstractRemoteTestNG.run(AbstractRemoteTestNG.java:115)
at org.testng.remote.RemoteTestNG.initAndRun(RemoteTestNG.java:251)
at org.testng.remote.RemoteTestNG.main(RemoteTestNG.java:77)
]]>
            </full-stacktrace>
          </exception> <!-- org.openqa.selenium.NoSuchElementException -->
          <reporter-output>
          </reporter-output>
        </test-method> <!-- orderHistory -->
        <test-method is-config="true" signature="tearDown()[pri:0, instance:testCases.SubmitOrderTest@1de76cc7]" started-at="2022-10-10T13:06:10 IST" name="tearDown" finished-at="2022-10-10T13:06:10 IST" duration-ms="78" status="PASS">
          <reporter-output>
          </reporter-output>
        </test-method> <!-- tearDown -->
      </class> <!-- testCases.SubmitOrderTest -->
    </test> <!-- Submit Order Test -->
    <test started-at="2022-10-10T13:06:10 IST" name="Error Validation Test" finished-at="2022-10-10T13:06:16 IST" duration-ms="6622">
      <class name="testCases.ErrorValidationTest">
        <test-method is-config="true" signature="launchApplication()[pri:0, instance:testCases.ErrorValidationTest@2ddc9a9f]" started-at="2022-10-10T13:06:10 IST" name="launchApplication" finished-at="2022-10-10T13:06:11 IST" duration-ms="1409" status="PASS">
          <reporter-output>
          </reporter-output>
        </test-method> <!-- launchApplication -->
        <test-method signature="loginErrorValidation()[pri:0, instance:testCases.ErrorValidationTest@2ddc9a9f]" started-at="2022-10-10T13:06:11 IST" name="loginErrorValidation" finished-at="2022-10-10T13:06:12 IST" duration-ms="903" status="PASS">
          <reporter-output>
          </reporter-output>
        </test-method> <!-- loginErrorValidation -->
        <test-method is-config="true" signature="tearDown()[pri:0, instance:testCases.ErrorValidationTest@2ddc9a9f]" started-at="2022-10-10T13:06:12 IST" name="tearDown" finished-at="2022-10-10T13:06:12 IST" duration-ms="54" status="PASS">
          <reporter-output>
          </reporter-output>
        </test-method> <!-- tearDown -->
        <test-method is-config="true" signature="launchApplication()[pri:0, instance:testCases.ErrorValidationTest@2ddc9a9f]" started-at="2022-10-10T13:06:12 IST" name="launchApplication" finished-at="2022-10-10T13:06:13 IST" duration-ms="1340" status="PASS">
          <reporter-output>
          </reporter-output>
        </test-method> <!-- launchApplication -->
        <test-method signature="productErrorValidation()[pri:0, instance:testCases.ErrorValidationTest@2ddc9a9f]" started-at="2022-10-10T13:06:13 IST" name="productErrorValidation" finished-at="2022-10-10T13:06:16 IST" duration-ms="2853" status="PASS">
          <reporter-output>
          </reporter-output>
        </test-method> <!-- productErrorValidation -->
        <test-method is-config="true" signature="tearDown()[pri:0, instance:testCases.ErrorValidationTest@2ddc9a9f]" started-at="2022-10-10T13:06:16 IST" name="tearDown" finished-at="2022-10-10T13:06:16 IST" duration-ms="58" status="PASS">
          <reporter-output>
          </reporter-output>
        </test-method> <!-- tearDown -->
      </class> <!-- testCases.ErrorValidationTest -->
    </test> <!-- Error Validation Test -->
  </suite> <!-- Suite -->
</testng-results>
